<?xml version="1.0" encoding="UTF-8" ?>
<testsuite errors="0" failures="0" hostname="Alpla" name="org.me.mylib.LibClassTest" skipped="0" tests="1" time="0.348" timestamp="2020-09-30T12:15:27">
  <properties>
    <property name="libs.spring-framework300.classpath" value="E:\NetBeans-12.0\netbeans\platform\modules\org-apache-commons-logging.jar;E:\NetBeans-12.0\netbeans\java\modules\ext\cglib-2.2.jar;E:\NetBeans-12.0\netbeans\java\modules\ext\spring-3.0\spring-aop-3.2.18.RELEASE.jar;E:\NetBeans-12.0\netbeans\java\modules\ext\spring-3.0\spring-aspects-3.2.18.RELEASE.jar;E:\NetBeans-12.0\netbeans\java\modules\ext\spring-3.0\spring-beans-3.2.18.RELEASE.jar;E:\NetBeans-12.0\netbeans\java\modules\ext\spring-3.0\spring-context-3.2.18.RELEASE.jar;E:\NetBeans-12.0\netbeans\java\modules\ext\spring-3.0\spring-context-support-3.2.18.RELEASE.jar;E:\NetBeans-12.0\netbeans\java\modules\ext\spring-3.0\spring-core-3.2.18.RELEASE.jar;E:\NetBeans-12.0\netbeans\java\modules\ext\spring-3.0\spring-expression-3.2.18.RELEASE.jar;E:\NetBeans-12.0\netbeans\java\modules\ext\spring-3.0\spring-instrument-3.2.18.RELEASE.jar;E:\NetBeans-12.0\netbeans\java\modules\ext\spring-3.0\spring-instrument-tomcat-3.2.18.RELEASE.jar;E:\NetBeans-12.0\netbeans\java\modules\ext\spring-3.0\spring-jdbc-3.2.18.RELEASE.jar;E:\NetBeans-12.0\netbeans\java\modules\ext\spring-3.0\spring-jms-3.2.18.RELEASE.jar;E:\NetBeans-12.0\netbeans\java\modules\ext\spring-3.0\spring-orm-3.2.18.RELEASE.jar;E:\NetBeans-12.0\netbeans\java\modules\ext\spring-3.0\spring-oxm-3.2.18.RELEASE.jar;E:\NetBeans-12.0\netbeans\java\modules\ext\spring-3.0\spring-struts-3.2.18.RELEASE.jar;E:\NetBeans-12.0\netbeans\java\modules\ext\spring-3.0\spring-test-3.2.18.RELEASE.jar;E:\NetBeans-12.0\netbeans\java\modules\ext\spring-3.0\spring-tx-3.2.18.RELEASE.jar;E:\NetBeans-12.0\netbeans\java\modules\ext\spring-3.0\spring-web-3.2.18.RELEASE.jar;E:\NetBeans-12.0\netbeans\java\modules\ext\spring-3.0\spring-webmvc-3.2.18.RELEASE.jar;E:\NetBeans-12.0\netbeans\java\modules\ext\spring-3.0\spring-webmvc-portlet-3.2.18.RELEASE.jar" />
    <property name="javac.includesfile.binary" value="E:\3 course (inst)\Cross-platform-tech (JAVA)\Labwork_2\MyLib\null1884093716" />
    <property name="javac.test.classpath" value=":build/classes:E:\NetBeans-12.0\netbeans\platform\modules\ext\junit-jupiter-api-5.6.0.jar;E:\NetBeans-12.0\netbeans\platform\modules\ext\junit-jupiter-params-5.6.0.jar;E:\NetBeans-12.0\netbeans\platform\modules\ext\junit-jupiter-engine-5.6.0.jar:E:\NetBeans-12.0\netbeans\platform\modules\ext\junit-4.12.jar:E:\NetBeans-12.0\netbeans\platform\modules\ext\hamcrest-core-1.3.jar" />
    <property name="java.specification.version" value="10" />
    <property name="sun.cpu.isalist" value="amd64" />
    <property name="libs.spring-framework500.classpath" value="E:\NetBeans-12.0\netbeans\platform\modules\org-apache-commons-logging.jar;E:\NetBeans-12.0\netbeans\java\modules\ext\cglib-2.2.jar;E:\NetBeans-12.0\netbeans\java\modules\ext\spring-5\spring-aop-5.2.2.RELEASE.jar;E:\NetBeans-12.0\netbeans\java\modules\ext\spring-5\spring-aspects-5.2.2.RELEASE.jar;E:\NetBeans-12.0\netbeans\java\modules\ext\spring-5\spring-beans-5.2.2.RELEASE.jar;E:\NetBeans-12.0\netbeans\java\modules\ext\spring-5\spring-context-5.2.2.RELEASE.jar;E:\NetBeans-12.0\netbeans\java\modules\ext\spring-5\spring-context-indexer-5.2.2.RELEASE.jar;E:\NetBeans-12.0\netbeans\java\modules\ext\spring-5\spring-context-support-5.2.2.RELEASE.jar;E:\NetBeans-12.0\netbeans\java\modules\ext\spring-5\spring-core-5.2.2.RELEASE.jar;E:\NetBeans-12.0\netbeans\java\modules\ext\spring-5\spring-expression-5.2.2.RELEASE.jar;E:\NetBeans-12.0\netbeans\java\modules\ext\spring-5\spring-instrument-5.2.2.RELEASE.jar;E:\NetBeans-12.0\netbeans\java\modules\ext\spring-5\spring-jcl-5.2.2.RELEASE.jar;E:\NetBeans-12.0\netbeans\java\modules\ext\spring-5\spring-jdbc-5.2.2.RELEASE.jar;E:\NetBeans-12.0\netbeans\java\modules\ext\spring-5\spring-jms-5.2.2.RELEASE.jar;E:\NetBeans-12.0\netbeans\java\modules\ext\spring-5\spring-messaging-5.2.2.RELEASE.jar;E:\NetBeans-12.0\netbeans\java\modules\ext\spring-5\spring-orm-5.2.2.RELEASE.jar;E:\NetBeans-12.0\netbeans\java\modules\ext\spring-5\spring-oxm-5.2.2.RELEASE.jar;E:\NetBeans-12.0\netbeans\java\modules\ext\spring-5\spring-test-5.2.2.RELEASE.jar;E:\NetBeans-12.0\netbeans\java\modules\ext\spring-5\spring-tx-5.2.2.RELEASE.jar;E:\NetBeans-12.0\netbeans\java\modules\ext\spring-5\spring-web-5.2.2.RELEASE.jar;E:\NetBeans-12.0\netbeans\java\modules\ext\spring-5\spring-webflux-5.2.2.RELEASE.jar;E:\NetBeans-12.0\netbeans\java\modules\ext\spring-5\spring-webmvc-5.2.2.RELEASE.jar;E:\NetBeans-12.0\netbeans\java\modules\ext\spring-5\spring-websocket-5.2.2.RELEASE.jar" />
    <property name="jar.index.metainf" value="false" />
    <property name="jnlp.signing.keystore" value="" />
    <property name="javadoc.preview" value="true" />
    <property name="do.depend" value="false" />
    <property name="libs.spring-framework400.classpath" value="E:\NetBeans-12.0\netbeans\platform\modules\org-apache-commons-logging.jar;E:\NetBeans-12.0\netbeans\java\modules\ext\cglib-2.2.jar;E:\NetBeans-12.0\netbeans\java\modules\ext\spring-4\spring-aop-4.3.25.RELEASE.jar;E:\NetBeans-12.0\netbeans\java\modules\ext\spring-4\spring-aspects-4.3.25.RELEASE.jar;E:\NetBeans-12.0\netbeans\java\modules\ext\spring-4\spring-beans-4.3.25.RELEASE.jar;E:\NetBeans-12.0\netbeans\java\modules\ext\spring-4\spring-context-4.3.25.RELEASE.jar;E:\NetBeans-12.0\netbeans\java\modules\ext\spring-4\spring-context-support-4.3.25.RELEASE.jar;E:\NetBeans-12.0\netbeans\java\modules\ext\spring-4\spring-core-4.3.25.RELEASE.jar;E:\NetBeans-12.0\netbeans\java\modules\ext\spring-4\spring-expression-4.3.25.RELEASE.jar;E:\NetBeans-12.0\netbeans\java\modules\ext\spring-4\spring-instrument-4.3.25.RELEASE.jar;E:\NetBeans-12.0\netbeans\java\modules\ext\spring-4\spring-instrument-tomcat-4.3.25.RELEASE.jar;E:\NetBeans-12.0\netbeans\java\modules\ext\spring-4\spring-jdbc-4.3.25.RELEASE.jar;E:\NetBeans-12.0\netbeans\java\modules\ext\spring-4\spring-jms-4.3.25.RELEASE.jar;E:\NetBeans-12.0\netbeans\java\modules\ext\spring-4\spring-messaging-4.3.25.RELEASE.jar;E:\NetBeans-12.0\netbeans\java\modules\ext\spring-4\spring-orm-4.3.25.RELEASE.jar;E:\NetBeans-12.0\netbeans\java\modules\ext\spring-4\spring-oxm-4.3.25.RELEASE.jar;E:\NetBeans-12.0\netbeans\java\modules\ext\spring-4\spring-test-4.3.25.RELEASE.jar;E:\NetBeans-12.0\netbeans\java\modules\ext\spring-4\spring-tx-4.3.25.RELEASE.jar;E:\NetBeans-12.0\netbeans\java\modules\ext\spring-4\spring-web-4.3.25.RELEASE.jar;E:\NetBeans-12.0\netbeans\java\modules\ext\spring-4\spring-webmvc-4.3.25.RELEASE.jar;E:\NetBeans-12.0\netbeans\java\modules\ext\spring-4\spring-webmvc-portlet-4.3.25.RELEASE.jar;E:\NetBeans-12.0\netbeans\java\modules\ext\spring-4\spring-websocket-4.3.25.RELEASE.jar" />
    <property name="jnlp.signing.alias" value="" />
    <property name="test.binaryincludes" value="&lt;nothing&gt;" />
    <property name="sun.arch.data.model" value="64" />
    <property name="nb.show.statistics.ui" value="usageStatisticsEnabled" />
    <property name="debug-transport" value="dt_shmem" />
    <property name="do.jlink" value="false" />
    <property name="java.vendor.url" value="http://java.oracle.com/" />
    <property name="annotation.processing.enabled" value="true" />
    <property name="libs.junit_5.src" value="E:\NetBeans-12.0\netbeans\platform\docs\junit-jupiter-api-5.6.0-sources.jar;E:\NetBeans-12.0\netbeans\platform\docs\junit-jupiter-params-5.6.0-sources.jar;E:\NetBeans-12.0\netbeans\platform\docs\junit-jupiter-engine-5.6.0-sources.jar" />
    <property name="debug.modulepath" value="" />
    <property name="libs.jaxb.classpath" value="E:\NetBeans-12.0\netbeans\ide\modules\ext\jaxb\jaxb-impl.jar;E:\NetBeans-12.0\netbeans\ide\modules\ext\jaxb\jaxb-xjc.jar;E:\NetBeans-12.0\netbeans\ide\modules\ext\jaxb\jaxb1-impl.jar;E:\NetBeans-12.0\netbeans\ide\modules\ext\jaxb\activation.jar;E:\NetBeans-12.0\netbeans\ide\modules\ext\jaxb\api\jaxb-api.jar" />
    <property name="auxiliary.org-netbeans-spi-editor-hints-projects.perProjectHintSettingsFile" value="nbproject/cfg_hints.xml" />
    <property name="libs.eclipselink.javadoc" value="E:\NetBeans-12.0\netbeans\java\modules\ext\docs\javax.persistence-2.1.0-doc.zip" />
    <property name="ant.file.MyLib-impl" value="E:\3 course (inst)\Cross-platform-tech (JAVA)\Labwork_2\MyLib\nbproject\build-impl.xml" />
    <property name="libs.JWSAntTasks.javadoc" value="" />
    <property name="sun.boot.library.path" value="C:\Program Files\Java\jdk-10\bin" />
    <property name="libs.CopyLibs.src" value="" />
    <property name="sun.java.command" value="org.apache.tools.ant.taskdefs.optional.junit.JUnitTestRunner org.me.mylib.LibClassTest skipNonTests=false filtertrace=true haltOnError=false haltOnFailure=false showoutput=true outputtoformatters=true logfailedtests=true threadid=0 logtestlistenerevents=true formatter=org.apache.tools.ant.taskdefs.optional.junit.BriefJUnitResultFormatter formatter=org.apache.tools.ant.taskdefs.optional.junit.XMLJUnitResultFormatter,E:\3 course (inst)\Cross-platform-tech (JAVA)\Labwork_2\MyLib\build\test\results\TEST-org.me.mylib.LibClassTest.xml crashfile=E:\3 course (inst)\Cross-platform-tech (JAVA)\Labwork_2\MyLib\build\junitvmwatcher6091137244470589616.properties propsfile=E:\3 course (inst)\Cross-platform-tech (JAVA)\Labwork_2\MyLib\build\junit13631782462416662893.properties" />
    <property name="jdk.debug" value="release" />
    <property name="libs.spring-framework300.src" value="" />
    <property name="java.specification.vendor" value="Oracle Corporation" />
    <property name="javac.source" value="10" />
    <property name="javadoc.use" value="true" />
    <property name="libs.javac-api.maven-pom" value="" />
    <property name="java.version.date" value="2018-03-20" />
    <property name="javadoc.notree" value="false" />
    <property name="java.home" value="C:\Program Files\Java\jdk-10" />
    <property name="basedir" value="E:\3 course (inst)\Cross-platform-tech (JAVA)\Labwork_2\MyLib" />
    <property name="application.vendor" value="PlagueAlpaca" />
    <property name="work.dir" value="E:\3 course (inst)\Cross-platform-tech (JAVA)\Labwork_2\MyLib" />
    <property name="java.vm.specification.vendor" value="Oracle Corporation" />
    <property name="javac.test.compilerargs" value="" />
    <property name="jna.boot.library.name" value="jnidispatch-nb" />
    <property name="java.specification.name" value="Java Platform API Specification" />
    <property name="libs.PostgreSQLDriver.classpath" value="E:\NetBeans-12.0\netbeans\ide\modules\ext\postgresql-42.2.10.jar" />
    <property name="libs.javac-api.javadoc" value="" />
    <property name="libs.JAXB-ENDORSED.src" value="" />
    <property name="netbeans.extbrowser.manual_chrome_plugin_install" value="yes" />
    <property name="user.script" value="" />
    <property name="manifest.encoding" value="UTF-8" />
    <property name="libs.spring-framework500.javadoc" value="" />
    <property name="netbeans.default_userdir_root" value="C:\Users\PlagueAlpaca\AppData\Roaming\NetBeans" />
    <property name="manifest.custom.permissions" value="" />
    <property name="sun.management.compiler" value="HotSpot 64-Bit Tiered Compilers" />
    <property name="libs.spring-framework400.src" value="" />
    <property name="jdk.home" value="C:\Program Files\Java\jdk-10" />
    <property name="run.test.modulepath" value="" />
    <property name="java.runtime.version" value="10+46" />
    <property name="libs.eclipselink.maven-pom" value="" />
    <property name="libs.JAXB-ENDORSED.javadoc" value="" />
    <property name="debug.test.modulepath" value="" />
    <property name="org.openide.awt.SwingBrowserImpl.do-not-block-awt" value="false" />
    <property name="file.encoding" value="Cp1251" />
    <property name="sun.java2d.noddraw" value="true" />
    <property name="java.util.logging.config.class" value="org.netbeans.core.startup.TopLogging" />
    <property name="sun.zip.disableMemoryMapping" value="true" />
    <property name="jnidispatch.path" value="C:\Users\PLAGUE~1\AppData\Local\Temp\jna-1026280620\jna15484431664408105716.dll" />
    <property name="https.nonProxyHosts" value="localhost|127.0.0.1|Alpla" />
    <property name="java.vendor.version" value="18.3" />
    <property name="libs.junit_5.javadoc" value="E:\NetBeans-12.0\netbeans\platform\docs\junit-jupiter-api-5.6.0-javadoc.jar;E:\NetBeans-12.0\netbeans\platform\docs\junit-jupiter-params-5.6.0-javadoc.jar;E:\NetBeans-12.0\netbeans\platform\docs\junit-jupiter-engine-5.6.0-javadoc.jar" />
    <property name="jnlp.enabled" value="false" />
    <property name="libs.absolutelayout.classpath" value="E:\NetBeans-12.0\netbeans\java\modules\ext\AbsoluteLayout.jar" />
    <property name="dist.archive.excludes" value="" />
    <property name="java.io.tmpdir" value="C:\Users\PLAGUE~1\AppData\Local\Temp\" />
    <property name="do.archive" value="true" />
    <property name="java.version" value="10" />
    <property name="java.vm.specification.name" value="Java Virtual Machine Specification" />
    <property name="java.awt.printerjob" value="sun.awt.windows.WPrinterJob" />
    <property name="built-jar.properties" value="E:\3 course (inst)\Cross-platform-tech (JAVA)\Labwork_2\MyLib\build\built-jar.properties" />
    <property name="nb.native.filechooser" value="false" />
    <property name="libs.testng.src" value="" />
    <property name="libs.hamcrest.src" value="" />
    <property name="java.library.path" value="C:\Program Files\Java\jdk-10\bin;C:\Windows\Sun\Java\bin;C:\Windows\system32;C:\Windows;E:\opencv\opencv-3.4.10\build\install\x86\vc15\bin;E:\Python 3\Scripts\;E:\Python 3\;C:\Program Files (x86)\Common Files\Oracle\Java\javapath;C:\ProgramData\Oracle\Java\javapath;C:\Windows\system32;C:\Windows;C:\Windows\System32\Wbem;C:\Windows\System32\WindowsPowerShell\v1.0\;C:\Program Files (x86)\GtkSharp\2.12\bin;C:\Program Files\Git\cmd;E:\Matlab\bin;C:\Program Files\dotnet\;C:\Program Files (x86)\Windows Kits\8.1\Windows Performance Toolkit\;E:\Vargrant\bin;E:\bin;." />
    <property name="platform.active" value="default_platform" />
    <property name="java.vendor" value="Oracle Corporation" />
    <property name="libs.testng.javadoc" value="E:\NetBeans-12.0\netbeans\platform\docs\testng-6.8.1-javadoc.zip" />
    <property name="meta.inf.dir" value="src/META-INF" />
    <property name="sun.io.unicode.encoding" value="UnicodeLittle" />
    <property name="run.upgrademodulepath" value="" />
    <property name="compile.on.save" value="true" />
    <property name="libs.testng.maven-pom" value="" />
    <property name="jlink.additionalparam" value="" />
    <property name="org.openide.version" value="deprecated" />
    <property name="sun.desktop" value="windows" />
    <property name="default.javac.source" value="10" />
    <property name="netbeans.dynamic.classpath" value="E:\NetBeans-12.0\netbeans\platform\core\asm-7.2.jar;E:\NetBeans-12.0\netbeans\platform\core\asm-commons-7.2.jar;E:\NetBeans-12.0\netbeans\platform\core\asm-tree-7.2.jar;E:\NetBeans-12.0\netbeans\platform\core\core-base.jar;E:\NetBeans-12.0\netbeans\platform\core\core.jar;E:\NetBeans-12.0\netbeans\platform\core\org-netbeans-libs-asm.jar;E:\NetBeans-12.0\netbeans\platform\core\org-openide-filesystems-compat8.jar;E:\NetBeans-12.0\netbeans\platform\core\org-openide-filesystems.jar;E:\NetBeans-12.0\netbeans\nb\core\org-netbeans-upgrader.jar;E:\NetBeans-12.0\netbeans\nb\core\locale\core_nb.jar" />
    <property name="test.includes" value="org/me/mylib/LibClassTest.java" />
    <property name="run.classpath" value=":build/classes" />
    <property name="libs.jaxb.src" value="" />
    <property name="libs.eclipselinkmodelgen.classpath" value="E:\NetBeans-12.0\netbeans\java\modules\ext\eclipselink\org.eclipse.persistence.jpa.modelgen.processor-2.5.2.jar" />
    <property name="javac.systemmodulepath.cmd.line.arg" value="" />
    <property name="test.src.dir" value="test" />
    <property name="sun.awt.enableExtraMouseButtons" value="true" />
    <property name="org.openide.major.version" value="IDE/1" />
    <property name="libs.spring-framework300.javadoc" value="" />
    <property name="netbeans.buildnumber" value="12.0-631bd69cd6112b1cc4c892c24e3e605b1ba04241" />
    <property name="ap.proc.none.internal" value="" />
    <property name="endorsed.classpath.cmd.line.arg" value="" />
    <property name="org.openide.specification.version" value="6.2" />
    <property name="user.timezone" value="" />
    <property name="libs.jpa20-persistence.maven-pom" value="" />
    <property name="jar.index" value="false" />
    <property name="libs.jpa20-persistence.classpath" value="E:\NetBeans-12.0\netbeans\java\modules\ext\eclipselink\javax.persistence-2.1.0.jar" />
    <property name="java.vm.specification.version" value="10" />
    <property name="libs.eclipselinkmodelgen.javadoc" value="" />
    <property name="libs.junit_5.classpath" value="E:\NetBeans-12.0\netbeans\platform\modules\ext\junit-jupiter-api-5.6.0.jar;E:\NetBeans-12.0\netbeans\platform\modules\ext\junit-jupiter-params-5.6.0.jar;E:\NetBeans-12.0\netbeans\platform\modules\ext\junit-jupiter-engine-5.6.0.jar" />
    <property name="os.name" value="Windows 8.1" />
    <property name="libs.CopyLibs.maven-pom" value="" />
    <property name="build.sysclasspath" value="ignore" />
    <property name="javadoc.noindex" value="false" />
    <property name="jdkBug6558476" value="false" />
    <property name="javadoc.private" value="false" />
    <property name="javadoc.author" value="false" />
    <property name="http.nonProxyHosts" value="localhost|127.0.0.1|Alpla" />
    <property name="libs.JAXB-ENDORSED.maven-pom" value="" />
    <property name="user.home" value="C:\Users\PlagueAlpaca" />
    <property name="source.encoding" value="UTF-8" />
    <property name="libs.eclipselinkmodelgen.maven-pom" value="" />
    <property name="jar.compress" value="false" />
    <property name="have.sources" value="true" />
    <property name="annotation.processing.processors.list" value="" />
    <property name="javac.deprecation" value="false" />
    <property name="jlink.launcher" value="true" />
    <property name="manifest.custom.caller.allowable.codebase" value="" />
    <property name="jnlp.mixed.code" value="default" />
    <property name="java.awt.graphicsenv" value="sun.awt.Win32GraphicsEnvironment" />
    <property name="build.generated.sources.dir" value="build/generated-sources" />
    <property name="apple.awt.graphics.UseQuartz" value="true" />
    <property name="plugin.manager.check.updates" value="false" />
    <property name="run.jvmargs" value="" />
    <property name="netbeans.autoupdate.language" value="en" />
    <property name="ant.file.type.MyLib-impl" value="file" />
    <property name="libs.eclipselinkmodelgen.src" value="" />
    <property name="build.compiler.emacs" value="true" />
    <property name="build.classes.excludes" value="**/*.java,**/*.form" />
    <property name="dist.jar" value="dist/MyLib.jar" />
    <property name="ant.file" value="E:\3 course (inst)\Cross-platform-tech (JAVA)\Labwork_2\MyLib\build.xml" />
    <property name="modules.supported.internal" value="true" />
    <property name="path.separator" value=";" />
    <property name="os.version" value="6.3" />
    <property name="libs.JAXB-ENDORSED.classpath" value="E:\NetBeans-12.0\netbeans\ide\modules\ext\jaxb\api\jaxb-api.jar" />
    <property name="netbeans.home" value="E:\NetBeans-12.0\netbeans\platform" />
    <property name="libs.CopyLibs.javadoc" value="" />
    <property name="build.test.results.dir" value="build/test/results" />
    <property name="debug-transport-by-os" value="dt_shmem" />
    <property name="libs.jaxws21.javadoc" value="E:\NetBeans-12.0\netbeans\java\docs\jaxws-api-doc.zip" />
    <property name="libs.spring-framework400.maven-pom" value="" />
    <property name="ap.processors.internal" value="" />
    <property name="java.vm.name" value="Java HotSpot(TM) 64-Bit Server VM" />
    <property name="unnamed.module.internal" value="true" />
    <property name="module.name" value="" />
    <property name="libs.jaxws21.classpath" value="E:\NetBeans-12.0\netbeans\ide\modules\ext\jaxb\jaxb-impl.jar;E:\NetBeans-12.0\netbeans\ide\modules\ext\jaxb\jaxb-xjc.jar;E:\NetBeans-12.0\netbeans\java\modules\ext\jaxws22\FastInfoset.jar;E:\NetBeans-12.0\netbeans\java\modules\ext\jaxws22\gmbal-api-only.jar;E:\NetBeans-12.0\netbeans\java\modules\ext\jaxws22\ha-api.jar;E:\NetBeans-12.0\netbeans\java\modules\ext\jaxws22\javax.mail_1.4.jar;E:\NetBeans-12.0\netbeans\java\modules\ext\jaxws22\jaxws-rt.jar;E:\NetBeans-12.0\netbeans\java\modules\ext\jaxws22\jaxws-tools.jar;E:\NetBeans-12.0\netbeans\java\modules\ext\jaxws22\management-api.jar;E:\NetBeans-12.0\netbeans\java\modules\ext\jaxws22\mimepull.jar;E:\NetBeans-12.0\netbeans\java\modules\ext\jaxws22\policy.jar;E:\NetBeans-12.0\netbeans\java\modules\ext\jaxws22\saaj-impl.jar;E:\NetBeans-12.0\netbeans\java\modules\ext\jaxws22\stax-ex.jar;E:\NetBeans-12.0\netbeans\java\modules\ext\jaxws22\stax2-api.jar;E:\NetBeans-12.0\netbeans\java\modules\ext\jaxws22\streambuffer.jar;E:\NetBeans-12.0\netbeans\java\modules\ext\jaxws22\woodstox-core-asl.jar;E:\NetBeans-12.0\netbeans\java\modules\ext\jaxws22\api\jaxws-api.jar;E:\NetBeans-12.0\netbeans\java\modules\ext\jaxws22\api\jsr181-api.jar;E:\NetBeans-12.0\netbeans\java\modules\ext\jaxws22\api\javax.annotation.jar;E:\NetBeans-12.0\netbeans\java\modules\ext\jaxws22\api\saaj-api.jar;E:\NetBeans-12.0\netbeans\ide\modules\ext\jaxb\activation.jar;E:\NetBeans-12.0\netbeans\ide\modules\ext\jaxb\api\jaxb-api.jar" />
    <property name="os.arch" value="amd64" />
    <property name="build.generated.dir" value="build/generated" />
    <property name="libs.spring-framework400.javadoc" value="" />
    <property name="libs.hamcrest.javadoc" value="" />
    <property name="libs.javac-api.src" value="" />
    <property name="do.jar" value="true" />
    <property name="java.vm.info" value="mixed mode" />
    <property name="jnlp.descriptor" value="application" />
    <property name="libs.jaxws21.maven-pom" value="" />
    <property name="run.test.classpath" value=":build/classes:E:\NetBeans-12.0\netbeans\platform\modules\ext\junit-jupiter-api-5.6.0.jar;E:\NetBeans-12.0\netbeans\platform\modules\ext\junit-jupiter-params-5.6.0.jar;E:\NetBeans-12.0\netbeans\platform\modules\ext\junit-jupiter-engine-5.6.0.jar:E:\NetBeans-12.0\netbeans\platform\modules\ext\junit-4.12.jar:E:\NetBeans-12.0\netbeans\platform\modules\ext\hamcrest-core-1.3.jar:build/test/classes" />
    <property name="dist.jlink.output" value="dist/jlink/MyLib" />
    <property name="javadoc.encoding.used" value="UTF-8" />
    <property name="java.class.version" value="54.0" />
    <property name="src.dir" value="src" />
    <property name="org.netbeans.io.suspend" value="0" />
    <property name="ant.project.default-target" value="default" />
    <property name="debug.classpath" value=":build/classes" />
    <property name="awt.toolkit" value="sun.awt.windows.WToolkit" />
    <property name="excludes" value="" />
    <property name="ant.project.name" value="MyLib" />
    <property name="dist.javadoc.dir" value="dist/javadoc" />
    <property name="run.test.jvmargs" value="" />
    <property name="libs.junit_4.javadoc" value="E:\NetBeans-12.0\netbeans\platform\docs\junit-4.12-javadoc.jar" />
    <property name="sun.jnu.encoding" value="Cp1251" />
    <property name="default.javac.target" value="10" />
    <property name="javac.fork" value="true" />
    <property name="jnlp.offline-allowed" value="false" />
    <property name="sun.java2d.dpiaware" value="true" />
    <property name="libs.eclipselink.classpath" value="E:\NetBeans-12.0\netbeans\java\modules\ext\eclipselink\org.eclipse.persistence.core-2.5.2.jar;E:\NetBeans-12.0\netbeans\java\modules\ext\eclipselink\org.eclipse.persistence.asm-2.5.2.jar;E:\NetBeans-12.0\netbeans\java\modules\ext\eclipselink\org.eclipse.persistence.antlr-2.5.2.jar;E:\NetBeans-12.0\netbeans\java\modules\ext\eclipselink\org.eclipse.persistence.jpa-2.5.2.jar;E:\NetBeans-12.0\netbeans\java\modules\ext\eclipselink\org.eclipse.persistence.jpa.jpql-2.5.2.jar;E:\NetBeans-12.0\netbeans\java\modules\ext\eclipselink\javax.persistence-2.1.0.jar" />
    <property name="libs.javac-api.classpath" value="" />
    <property name="jar.archive.disabled" value="false" />
    <property name="netbeans.importclass" value="org.netbeans.upgrade.AutoUpgrade" />
    <property name="ant.file.type.MyLib" value="file" />
    <property name="libs.PostgreSQLDriver.maven-pom" value="" />
    <property name="libs.absolutelayout.src" value="" />
    <property name="netbeans.autoupdate.version" value="1.23" />
    <property name="empty.dir" value="E:\3 course (inst)\Cross-platform-tech (JAVA)\Labwork_2\MyLib\build\empty" />
    <property name="testng.mode" value="testng" />
    <property name="annotation.processing.enabled.in.editor" value="false" />
    <property name="netbeans.user" value="C:\Users\PlagueAlpaca\AppData\Roaming\NetBeans\12.0" />
    <property name="javac.includes.binary" value="E:\3 course (inst)\Cross-platform-tech (JAVA)\Labwork_2\MyLib\build\test\classes\org\me\mylib\LibClassTest.class" />
    <property name="file.separator" value="\" />
    <property name="java.vm.compressedOopsMode" value="32-bit" />
    <property name="line.separator" value="&#xd;&#xa;" />
    <property name="javadoc.additionalparam" value="" />
    <property name="jnlp.signed" value="false" />
    <property name="netbeans.productversion" value="Apache NetBeans IDE 12.0" />
    <property name="javac.debug" value="true" />
    <property name="libs.testng.classpath" value="E:\NetBeans-12.0\netbeans\platform\modules\ext\testng-6.8.1-dist.jar" />
    <property name="mkdist.disabled" value="false" />
    <property name="user.name" value="PlagueAlpaca" />
    <property name="build.classes.dir" value="build/classes" />
    <property name="javadoc.windowtitle" value="" />
    <property name="nb.junit.single" value="false" />
    <property name="nb.internal.action.name" value="test.single" />
    <property name="libs.absolutelayout.javadoc" value="" />
    <property name="libs.jaxws21.src" value="" />
    <property name="module.build.classes.dir" value="build/classes" />
    <property name="libs.jaxb.maven-pom" value="" />
    <property name="annotation.processing.processor.options" value="" />
    <property name="dist.dir" value="dist" />
    <property name="build.dir" value="build" />
    <property name="jna.loaded" value="true" />
    <property name="libs.junit_5.maven-pom" value="" />
    <property name="netbeans.autoupdate.variant" value="" />
    <property name="libs.jpa20-persistence.javadoc" value="E:\NetBeans-12.0\netbeans\java\modules\ext\docs\javax.persistence-2.1.0-doc.zip" />
    <property name="javadoc.version" value="false" />
    <property name="ant.junit.enabletestlistenerevents" value="true" />
    <property name="libs.JWSAntTasks.src" value="" />
    <property name="ant.home" value="E:\NetBeans-12.0\netbeans\extide\ant" />
    <property name="libs.CopyLibs.classpath" value="E:\NetBeans-12.0\netbeans\java\ant\extra\org-netbeans-modules-java-j2seproject-copylibstask.jar" />
    <property name="javac.external.vm" value="true" />
    <property name="debug.test.classpath" value=":build/classes:E:\NetBeans-12.0\netbeans\platform\modules\ext\junit-jupiter-api-5.6.0.jar;E:\NetBeans-12.0\netbeans\platform\modules\ext\junit-jupiter-params-5.6.0.jar;E:\NetBeans-12.0\netbeans\platform\modules\ext\junit-jupiter-engine-5.6.0.jar:E:\NetBeans-12.0\netbeans\platform\modules\ext\junit-4.12.jar:E:\NetBeans-12.0\netbeans\platform\modules\ext\hamcrest-core-1.3.jar:build/test/classes" />
    <property name="have.tests" value="true" />
    <property name="sun.os.patch.level" value="" />
    <property name="testng.debug.mode" value="" />
    <property name="javac.target" value="10" />
    <property name="jnlp.signing" value="" />
    <property name="ant.version" value="Apache Ant(TM) version 1.10.4 compiled on June 19 2018" />
    <property name="libs.absolutelayout.maven-pom" value="" />
    <property name="javadoc.html5" value="false" />
    <property name="jdk.gtk.version" value="2.2" />
    <property name="javac.test.processorpath" value=":build/classes:E:\NetBeans-12.0\netbeans\platform\modules\ext\junit-jupiter-api-5.6.0.jar;E:\NetBeans-12.0\netbeans\platform\modules\ext\junit-jupiter-params-5.6.0.jar;E:\NetBeans-12.0\netbeans\platform\modules\ext\junit-jupiter-engine-5.6.0.jar:E:\NetBeans-12.0\netbeans\platform\modules\ext\junit-4.12.jar:E:\NetBeans-12.0\netbeans\platform\modules\ext\hamcrest-core-1.3.jar" />
    <property name="java.failonerror" value="true" />
    <property name="netbeans.dirs" value="E:\NetBeans-12.0\netbeans\nb;E:\NetBeans-12.0\netbeans\ergonomics;E:\NetBeans-12.0\netbeans\ide;E:\NetBeans-12.0\netbeans\extide;E:\NetBeans-12.0\netbeans\java;E:\NetBeans-12.0\netbeans\apisupport;E:\NetBeans-12.0\netbeans\webcommon;E:\NetBeans-12.0\netbeans\websvccommon;E:\NetBeans-12.0\netbeans\enterprise;E:\NetBeans-12.0\netbeans\mobility;E:\NetBeans-12.0\netbeans\profiler;E:\NetBeans-12.0\netbeans\python;E:\NetBeans-12.0\netbeans\php;E:\NetBeans-12.0\netbeans\identity;E:\NetBeans-12.0\netbeans\harness;E:\NetBeans-12.0\netbeans\cnd;E:\NetBeans-12.0\netbeans\cndext;E:\NetBeans-12.0\netbeans\dlight;E:\NetBeans-12.0\netbeans\groovy;E:\NetBeans-12.0\netbeans\extra;E:\NetBeans-12.0\netbeans\javacard;E:\NetBeans-12.0\netbeans\javafx" />
    <property name="libs.spring-framework500.src" value="" />
    <property name="javac.modulepath" value="" />
    <property name="user.properties.file" value="C:\Users\PlagueAlpaca\AppData\Roaming\NetBeans\12.0\build.properties" />
    <property name="javac.includes" value="org/me/mylib/LibClassTest.java" />
    <property name="libs.hamcrest.maven-pom" value="" />
    <property name="netbeans.autoupdate.country" value="US" />
    <property name="ant.file.MyLib" value="E:\3 course (inst)\Cross-platform-tech (JAVA)\Labwork_2\MyLib\build.xml" />
    <property name="file.encoding.pkg" value="sun.io" />
    <property name="javac.processorpath" value="" />
    <property name="java.class.path" value="E:\3 course (inst)\Cross-platform-tech (JAVA)\Labwork_2\MyLib\build\classes;E:\NetBeans-12.0\netbeans\platform\modules\ext\junit-jupiter-api-5.6.0.jar;E:\NetBeans-12.0\netbeans\platform\modules\ext\junit-jupiter-params-5.6.0.jar;E:\NetBeans-12.0\netbeans\platform\modules\ext\junit-jupiter-engine-5.6.0.jar;E:\NetBeans-12.0\netbeans\platform\modules\ext\junit-4.12.jar;E:\NetBeans-12.0\netbeans\platform\modules\ext\hamcrest-core-1.3.jar;E:\3 course (inst)\Cross-platform-tech (JAVA)\Labwork_2\MyLib\build\test\classes;E:\NetBeans-12.0\netbeans\extide\ant\lib\ant-launcher.jar;E:\NetBeans-12.0\netbeans\extide\ant\lib\ant.jar;E:\NetBeans-12.0\netbeans\extide\ant\lib\ant-junit.jar;E:\NetBeans-12.0\netbeans\extide\ant\lib\ant-junit4.jar" />
    <property name="libs.JWSAntTasks.maven-pom" value="" />
    <property name="java.vm.vendor" value="&quot;Oracle Corporation&quot;" />
    <property name="ap.supported.internal" value="true" />
    <property name="user.variant" value="" />
    <property name="netbeans.home+have.tests" value="true" />
    <property name="run.modulepath" value="" />
    <property name="javac.upgrademodulepath" value="" />
    <property name="jnlp.codebase.type" value="no.codebase" />
    <property name="test.binaryexcludes" value="" />
    <property name="javac.compilerargs" value="" />
    <property name="apple.laf.useScreenMenuBar" value="true" />
    <property name="user.country" value="US" />
    <property name="sun.java.launcher" value="SUN_STANDARD" />
    <property name="libs.jpa20-persistence.src" value="" />
    <property name="endorsed.classpath" value="" />
    <property name="javac.test.sourcepath" value="E:\3 course (inst)\Cross-platform-tech (JAVA)\Labwork_2\MyLib\build\empty" />
    <property name="sun.cpu.endian" value="little" />
    <property name="libs.junit_4.src" value="E:\NetBeans-12.0\netbeans\platform\docs\junit-4.12-sources.jar" />
    <property name="user.language" value="en" />
    <property name="copylibs.rebase" value="true" />
    <property name="maven.defaultProjectBuilder.disableGlobalModelCache" value="true" />
    <property name="includes" value="**" />
    <property name="javadoc.nonavbar" value="false" />
    <property name="ant.java.version" value="10" />
    <property name="libs.junit_4.classpath" value="E:\NetBeans-12.0\netbeans\platform\modules\ext\junit-4.12.jar" />
    <property name="libs.hamcrest.classpath" value="E:\NetBeans-12.0\netbeans\platform\modules\ext\hamcrest-core-1.3.jar" />
    <property name="jlink.launcher.name" value="MyLib" />
    <property name="javadoc.splitindex" value="true" />
    <property name="libs.JWSAntTasks.classpath" value="E:\NetBeans-12.0\netbeans\java\ant\extra\org-netbeans-modules-javawebstart-anttasks.jar" />
    <property name="test.binarytestincludes" value="" />
    <property name="junit.available" value="true" />
    <property name="sun.awt.keepWorkingSetOnMinimize" value="true" />
    <property name="libs.junit_4.maven-pom" value="" />
    <property name="manifest.custom.application.library.allowable.codebase" value="" />
    <property name="javac.processormodulepath" value="" />
    <property name="runtime.encoding" value="UTF-8" />
    <property name="jlink.additionalmodules" value="" />
    <property name="javadoc.encoding" value="UTF-8" />
    <property name="javac.classpath" value="" />
    <property name="dist.jlink.dir" value="dist/jlink" />
    <property name="netbeans.hash.code" value="unique=NB_EXTIDE_JAVA_WEBCOMMON08f4613d0-f33b-4880-a99b-7af5a35d5c8f_d07ff0a7-1c49-489e-8f21-e9bc8815e056" />
    <property name="nb.junit.batch" value="true" />
    <property name="jlink.strip" value="false" />
    <property name="build.test.classes.dir" value="build/test/classes" />
    <property name="java.runtime.name" value="Java(TM) SE Runtime Environment" />
    <property name="libs.jaxb.javadoc" value="E:\NetBeans-12.0\netbeans\ide\docs\jaxb-api-doc.jar" />
    <property name="libs.spring-framework300.maven-pom" value="" />
    <property name="libs.spring-framework500.maven-pom" value="" />
    <property name="ant.project.invoked-targets" value="test-single" />
    <property name="run.jvmargs.ide" value="" />
    <property name="ap.cmd.line.internal" value="" />
    <property name="libs.PostgreSQLDriver.src" value="" />
    <property name="ant.core.lib" value="E:\NetBeans-12.0\netbeans\extide\ant\lib\ant.jar" />
    <property name="java.vendor.url.bug" value="http://bugreport.java.com/bugreport/" />
    <property name="annotation.processing.source.output" value="build/generated-sources/ap-source-output" />
    <property name="user.dir" value="E:\3 course (inst)\Cross-platform-tech (JAVA)\Labwork_2\MyLib" />
    <property name="javac.profile.cmd.line.arg" value="" />
    <property name="platform.java" value="C:\Program Files\Java\jdk-10/bin/java" />
    <property name="application.args" value="" />
    <property name="application.title" value="MyLib" />
    <property name="javac.test.modulepath" value="" />
    <property name="ignore.failing.tests" value="true" />
    <property name="org.xml.sax.driver" value="com.sun.org.apache.xerces.internal.jaxp.SAXParserImpl$JAXPSAXParser" />
    <property name="libs.PostgreSQLDriver.javadoc" value="" />
    <property name="libs.eclipselink.src" value="" />
    <property name="manifest.custom.codebase" value="" />
    <property name="java.vm.version" value="10+46" />
    <property name="test.class" value="org.me.mylib.LibClassTest" />
    <property name="sun.awt.datatransfer.timeout" value="1000" />
    <property name="annotation.processing.run.all.processors" value="true" />
    <property name="junit.forkmode" value="perTest" />
  </properties>
  <testcase classname="org.me.mylib.LibClassTest" name="testAcrostic" time="0.006" />
  <system-out><![CDATA[]]></system-out>
  <system-err><![CDATA[Running testAcrostic...
]]></system-err>
</testsuite>
